Model Name:  Intel(R) Core(TM) i5-7200U CPU @ 2.50GHz CPU MHz: 2711.996
Mem Total: 2035504 Mem Free: 189824 Mem Avail:671240
Procs Running: 3 Procs Blocked: 1
System Uptime: 7152.95 System Idle: 3909.04

Model Name:  Intel(R) Core(TM) i5-7200U CPU @ 2.50GHz CPU MHz: 2711.996
Mem Total: 2035504 Mem Free: 195864 Mem Avail:677332
Procs Running: 3 Procs Blocked: 0
System Uptime: 7153.96 System Idle: 3909.71

Model Name:  Intel(R) Core(TM) i5-7200U CPU @ 2.50GHz CPU MHz: 2711.996
Mem Total: 2035504 Mem Free: 195864 Mem Avail:677332
Procs Running: 1 Procs Blocked: 0
System Uptime: 7154.96 System Idle: 3910.67

Model Name:  Intel(R) Core(TM) i5-7200U CPU @ 2.50GHz CPU MHz: 2711.996
Mem Total: 2035504 Mem Free: 195864 Mem Avail:677332
Procs Running: 1 Procs Blocked: 0
System Uptime: 7155.96 System Idle: 3911.65


processMonitor: status:-1 The child pid:-1 has finished
Model Name:  Intel(R) Core(TM) i5-7200U CPU @ 2.50GHz CPU MHz: 2711.996
Mem Total: 2035504 Mem Free: 194360 Mem Avail:676352
Procs Running: 4 Procs Blocked: 0
System Uptime: 7160.83 System Idle: 3915.97

Model Name:  Intel(R) Core(TM) i5-7200U CPU @ 2.50GHz CPU MHz: 2711.996
Mem Total: 2035504 Mem Free: 194068 Mem Avail:676064
Procs Running: 2 Procs Blocked: 0
System Uptime: 7161.84 System Idle: 3916.72

Model Name:  Intel(R) Core(TM) i5-7200U CPU @ 2.50GHz CPU MHz: 2711.996
Mem Total: 2035504 Mem Free: 194100 Mem Avail:676096
Procs Running: 1 Procs Blocked: 0
System Uptime: 7162.84 System Idle: 3917.67

Model Name:  Intel(R) Core(TM) i5-7200U CPU @ 2.50GHz CPU MHz: 2711.996
Mem Total: 2035504 Mem Free: 194320 Mem Avail:676316
Procs Running: 1 Procs Blocked: 0
System Uptime: 7163.84 System Idle: 3918.62

Model Name:  Intel(R) Core(TM) i5-7200U CPU @ 2.50GHz CPU MHz: 2711.996
Mem Total: 2035504 Mem Free: 194856 Mem Avail:676860
Procs Running: 2 Procs Blocked: 0
System Uptime: 7164.84 System Idle: 3919.52

Model Name:  Intel(R) Core(TM) i5-7200U CPU @ 2.50GHz CPU MHz: 2711.996
Mem Total: 2035504 Mem Free: 192840 Mem Avail:674884
Procs Running: 2 Procs Blocked: 1
System Uptime: 7165.84 System Idle: 3920.06

Model Name:  Intel(R) Core(TM) i5-7200U CPU @ 2.50GHz CPU MHz: 2711.996
Mem Total: 2035504 Mem Free: 192840 Mem Avail:674868
Procs Running: 1 Procs Blocked: 0
System Uptime: 7166.84 System Idle: 3920.60

Model Name:  Intel(R) Core(TM) i5-7200U CPU @ 2.50GHz CPU MHz: 2711.996
Mem Total: 2035504 Mem Free: 194352 Mem Avail:676380
Procs Running: 1 Procs Blocked: 0
System Uptime: 7167.84 System Idle: 3921.57

Model Name:  Intel(R) Core(TM) i5-7200U CPU @ 2.50GHz CPU MHz: 2711.996
Mem Total: 2035504 Mem Free: 194352 Mem Avail:676380
Procs Running: 1 Procs Blocked: 0
System Uptime: 7168.84 System Idle: 3922.52

Model Name:  Intel(R) Core(TM) i5-7200U CPU @ 2.50GHz CPU MHz: 2711.996
Mem Total: 2035504 Mem Free: 194352 Mem Avail:676380
Procs Running: 1 Procs Blocked: 0
System Uptime: 7169.84 System Idle: 3923.49

Model Name:  Intel(R) Core(TM) i5-7200U CPU @ 2.50GHz CPU MHz: 2711.996
Mem Total: 2035504 Mem Free: 196084 Mem Avail:678112
Procs Running: 1 Procs Blocked: 0
System Uptime: 7170.84 System Idle: 3924.46

Model Name:  Intel(R) Core(TM) i5-7200U CPU @ 2.50GHz CPU MHz: 2711.996
Mem Total: 2035504 Mem Free: 193596 Mem Avail:675632
Procs Running: 1 Procs Blocked: 0
System Uptime: 7171.84 System Idle: 3925.07

Model Name:  Intel(R) Core(TM) i5-7200U CPU @ 2.50GHz CPU MHz: 2711.996
Mem Total: 2035504 Mem Free: 193848 Mem Avail:675884
Procs Running: 1 Procs Blocked: 0
System Uptime: 7172.84 System Idle: 3925.99


processMonitor: status:0 The child pid:11808 has finished
processMonitor: Restart the child process

Model Name:  Intel(R) Core(TM) i5-7200U CPU @ 2.50GHz CPU MHz: 2711.996
Mem Total: 2035504 Mem Free: 181200 Mem Avail:663480
Procs Running: 4 Procs Blocked: 0
System Uptime: 7184.93 System Idle: 3934.70

Model Name:  Intel(R) Core(TM) i5-7200U CPU @ 2.50GHz CPU MHz: 2711.996
Mem Total: 2035504 Mem Free: 180688 Mem Avail:663100
Procs Running: 4 Procs Blocked: 0
System Uptime: 7185.94 System Idle: 3934.90

Model Name:  Intel(R) Core(TM) i5-7200U CPU @ 2.50GHz CPU MHz: 2711.996
Mem Total: 2035504 Mem Free: 180436 Mem Avail:662848
Procs Running: 3 Procs Blocked: 0
System Uptime: 7186.94 System Idle: 3935.75

Model Name:  Intel(R) Core(TM) i5-7200U CPU @ 2.50GHz CPU MHz: 2711.996
Mem Total: 2035504 Mem Free: 180436 Mem Avail:662852
Procs Running: 1 Procs Blocked: 0
System Uptime: 7187.94 System Idle: 3936.72

Model Name:  Intel(R) Core(TM) i5-7200U CPU @ 2.50GHz CPU MHz: 2711.996
Mem Total: 2035504 Mem Free: 180428 Mem Avail:662852
Procs Running: 6 Procs Blocked: 0
System Uptime: 7188.94 System Idle: 3937.53


processMonitor: status:-1 The child pid:-1 has finished
